<?xml version="1.0" encoding="UTF-8"?>
<!-- Generated by org.testng.reporters.JUnitReportReporter -->
<testsuite hostname="DESKTOP-JU45RM1" failures="0" tests="2" name="wireMock.ServerCode" time="0.742" errors="1" timestamp="2022-08-18T18:03:48 IST" skipped="1">
  <testcase classname="wireMock.ServerCode" name="testCode" time="0.001">
    <skipped/>
  </testcase> <!-- testCode -->
  <system-out/>
  <testcase classname="wireMock.ServerCode" name="initializeServer" time="0.741">
    <error message="java.lang.RuntimeException: java.io.IOException: Failed to bind to /0.0.0.0:8080" type="com.github.tomakehurst.wiremock.common.FatalStartupException">
      <![CDATA[com.github.tomakehurst.wiremock.common.FatalStartupException: java.lang.RuntimeException: java.io.IOException: Failed to bind to /0.0.0.0:8080
at com.github.tomakehurst.wiremock.WireMockServer.start(WireMockServer.java:157)
at wireMock.ServerCode.initializeServer(ServerCode.java:29)
at java.base/jdk.internal.reflect.NativeMethodAccessorImpl.invoke0(Native Method)
at java.base/jdk.internal.reflect.NativeMethodAccessorImpl.invoke(NativeMethodAccessorImpl.java:77)
at java.base/jdk.internal.reflect.DelegatingMethodAccessorImpl.invoke(DelegatingMethodAccessorImpl.java:43)
at java.base/java.lang.reflect.Method.invoke(Method.java:568)
at org.testng.internal.invokers.MethodInvocationHelper.invokeMethod(MethodInvocationHelper.java:139)
at org.testng.internal.invokers.MethodInvocationHelper.invokeMethodConsideringTimeout(MethodInvocationHelper.java:69)
at org.testng.internal.invokers.ConfigInvoker.invokeConfigurationMethod(ConfigInvoker.java:361)
at org.testng.internal.invokers.ConfigInvoker.invokeConfigurations(ConfigInvoker.java:296)
at org.testng.internal.invokers.TestMethodWorker.invokeBeforeClassMethods(TestMethodWorker.java:180)
at org.testng.internal.invokers.TestMethodWorker.run(TestMethodWorker.java:122)
at java.base/java.util.ArrayList.forEach(ArrayList.java:1511)
at org.testng.TestRunner.privateRun(TestRunner.java:806)
at org.testng.TestRunner.run(TestRunner.java:601)
at org.testng.SuiteRunner.runTest(SuiteRunner.java:433)
at org.testng.SuiteRunner.runSequentially(SuiteRunner.java:427)
at org.testng.SuiteRunner.privateRun(SuiteRunner.java:387)
at org.testng.SuiteRunner.run(SuiteRunner.java:330)
at org.testng.SuiteRunnerWorker.runSuite(SuiteRunnerWorker.java:52)
at org.testng.SuiteRunnerWorker.run(SuiteRunnerWorker.java:95)
at org.testng.TestNG.runSuitesSequentially(TestNG.java:1256)
at org.testng.TestNG.runSuitesLocally(TestNG.java:1176)
at org.testng.TestNG.runSuites(TestNG.java:1099)
at org.testng.TestNG.run(TestNG.java:1067)
at org.testng.remote.AbstractRemoteTestNG.run(AbstractRemoteTestNG.java:115)
at org.testng.remote.RemoteTestNG.initAndRun(RemoteTestNG.java:251)
at org.testng.remote.RemoteTestNG.main(RemoteTestNG.java:77)
Caused by: java.lang.RuntimeException: java.io.IOException: Failed to bind to /0.0.0.0:8080
at com.github.tomakehurst.wiremock.jetty9.JettyHttpServer.start(JettyHttpServer.java:220)
at com.github.tomakehurst.wiremock.WireMockServer.start(WireMockServer.java:155)
... 27 more
Caused by: java.io.IOException: Failed to bind to /0.0.0.0:8080
at wiremock.org.eclipse.jetty.server.ServerConnector.openAcceptChannel(ServerConnector.java:349)
at wiremock.org.eclipse.jetty.server.ServerConnector.open(ServerConnector.java:310)
at wiremock.org.eclipse.jetty.server.AbstractNetworkConnector.doStart(AbstractNetworkConnector.java:80)
at wiremock.org.eclipse.jetty.server.ServerConnector.doStart(ServerConnector.java:234)
at wiremock.org.eclipse.jetty.util.component.AbstractLifeCycle.start(AbstractLifeCycle.java:73)
at wiremock.org.eclipse.jetty.server.Server.doStart(Server.java:401)
at wiremock.org.eclipse.jetty.util.component.AbstractLifeCycle.start(AbstractLifeCycle.java:73)
at com.github.tomakehurst.wiremock.jetty9.JettyHttpServer.start(JettyHttpServer.java:218)
... 28 more
Caused by: java.net.BindException: Address already in use: bind
at java.base/sun.nio.ch.Net.bind0(Native Method)
at java.base/sun.nio.ch.Net.bind(Net.java:555)
at java.base/sun.nio.ch.ServerSocketChannelImpl.netBind(ServerSocketChannelImpl.java:337)
at java.base/sun.nio.ch.ServerSocketChannelImpl.bind(ServerSocketChannelImpl.java:294)
at java.base/sun.nio.ch.ServerSocketAdaptor.bind(ServerSocketAdaptor.java:89)
at wiremock.org.eclipse.jetty.server.ServerConnector.openAcceptChannel(ServerConnector.java:344)
... 35 more
]]>
    </error>
  </testcase> <!-- initializeServer -->
  <system-out/>
</testsuite> <!-- wireMock.ServerCode -->
