<?xml version="1.0" encoding="UTF-8"?>
<!-- Generated by org.testng.reporters.JUnitReportReporter -->
<testsuite hostname="DESKTOP-JU45RM1" failures="0" tests="1" name="wireMock.ConectionServer" time="3.608" errors="0" timestamp="2022-08-18T15:24:33 IST" skipped="0">
  <testcase classname="wireMock.ConectionServer" name="wmtest" time="3.608"/>
  <system-out/>
</testsuite> <!-- wireMock.ConectionServer -->
